<?xml version="1.0" encoding="UTF-8" ?>
<testsuite errors="0" failures="4" hostname="EPAT-New" name="test.AllTests" skipped="0" tests="6" time="0.141" timestamp="2015-11-06T07:11:06">
  <properties>
[...]
</properties>
  <testcase classname="test.MyStringStackTest" name="testStackNull" time="0.016">
    <failure type="junit.framework.AssertionFailedError">junit.framework.AssertionFailedError
	at test.MyStringStackTest.testStackNull(MyStringStackTest.java:114)
</failure>
  </testcase>
  <testcase classname="test.MyStringStackTest" name="testPop" time="0.0">
    <failure message="Stack should be empty after popping all elements" type="junit.framework.AssertionFailedError">junit.framework.AssertionFailedError: Stack should be empty after popping all elements
	at test.MyStringStackTest.testPop(MyStringStackTest.java:62)
</failure>
  </testcase>
  <testcase classname="test.MyStringStackTest" name="testClear" time="0.0" />
  <testcase classname="test.MyStringStackTest" name="testPush" time="0.0" />
  <testcase classname="test.MyStringStackTest" name="testStackSequence" time="0.0">
    <failure message="expected same:&lt;Hello&gt; was not:&lt;there&gt;" type="junit.framework.AssertionFailedError">junit.framework.AssertionFailedError: expected same:&lt;Hello&gt; was not:&lt;there&gt;
	at test.MyStringStackTest.testStackSequence(MyStringStackTest.java:135)
</failure>
  </testcase>
  <testcase classname="test.MyStringStackTest" name="testIsEmpty" time="0.016">
    <failure type="junit.framework.AssertionFailedError">junit.framework.AssertionFailedError
	at test.MyStringStackTest.testIsEmpty(MyStringStackTest.java:80)
</failure>
  </testcase>
  <system-out><![CDATA[Test for default package
hello
hello
hello
hello
hello
hello
]]></system-out>
  <system-err><![CDATA[]]></system-err>
</testsuite>
